<?xml version="1.0" encoding="UTF-8"?>
<!-- Generated by org.testng.reporters.JUnitReportReporter -->
<testsuite hostname="DESKTOP-GSV6BOK" failures="0" tests="3" name="todoSite.todo" time="14.855" errors="0" timestamp="2023-05-01T19:44:07 EEST" skipped="0">
  <testcase classname="todoSite.todo" name="register" time="4.120"/>
  <system-out/>
  <testcase classname="todoSite.todo" name="addToDo" time="6.486"/>
  <system-out/>
  <testcase classname="todoSite.todo" name="deleteToDo" time="4.249"/>
  <system-out/>
</testsuite> <!-- todoSite.todo -->
