<?xml version="1.0" encoding="UTF-8"?>
<!-- Generated by org.testng.reporters.JUnitReportReporter -->
<testsuite hostname="DESKTOP-GSV6BOK" failures="0" tests="3" name="todoSite.todo" time="17.471" errors="0" timestamp="2023-05-05T17:28:55 EEST" skipped="0">
  <testcase classname="todoSite.todo" name="register" time="6.071"/>
  <system-out/>
  <testcase classname="todoSite.todo" name="addToDo" time="8.301"/>
  <system-out/>
  <testcase classname="todoSite.todo" name="deleteToDo" time="3.099"/>
  <system-out/>
</testsuite> <!-- todoSite.todo -->
